<?xml version="1.0" encoding="UTF-8"?>
<testsuite xmlns:xsi="http://www.w3.org/2001/XMLSchema-instance" xsi:noNamespaceSchemaLocation="https://maven.apache.org/surefire/maven-surefire-plugin/xsd/surefire-test-report.xsd" name="pv2.pokemon.PokeRunner" time="4.416" tests="6" errors="0" skipped="0" failures="1">
  <properties>
    <property name="java.specification.version" value="19"/>
    <property name="sun.cpu.isalist" value="amd64"/>
    <property name="sun.jnu.encoding" value="Cp1252"/>
    <property name="java.class.path" value="C:\Users\gabri\Documents\faculdade\Lab_S206\Prova_2_S206\Karate\target\test-classes;C:\Users\gabri\Documents\faculdade\Lab_S206\Prova_2_S206\Karate\target\classes;C:\Users\gabri\.m2\repository\com\intuit\karate\karate-junit5\1.0.1\karate-junit5-1.0.1.jar;C:\Users\gabri\.m2\repository\com\intuit\karate\karate-core\1.0.1\karate-core-1.0.1.jar;C:\Users\gabri\.m2\repository\org\graalvm\js\js-scriptengine\21.0.0\js-scriptengine-21.0.0.jar;C:\Users\gabri\.m2\repository\org\graalvm\sdk\graal-sdk\21.0.0\graal-sdk-21.0.0.jar;C:\Users\gabri\.m2\repository\org\graalvm\js\js\21.0.0\js-21.0.0.jar;C:\Users\gabri\.m2\repository\org\graalvm\regex\regex\21.0.0\regex-21.0.0.jar;C:\Users\gabri\.m2\repository\org\graalvm\truffle\truffle-api\21.0.0\truffle-api-21.0.0.jar;C:\Users\gabri\.m2\repository\com\ibm\icu\icu4j\67.1\icu4j-67.1.jar;C:\Users\gabri\.m2\repository\ch\qos\logback\logback-classic\1.2.3\logback-classic-1.2.3.jar;C:\Users\gabri\.m2\repository\ch\qos\logback\logback-core\1.2.3\logback-core-1.2.3.jar;C:\Users\gabri\.m2\repository\org\slf4j\slf4j-api\1.7.25\slf4j-api-1.7.25.jar;C:\Users\gabri\.m2\repository\org\slf4j\jcl-over-slf4j\1.7.25\jcl-over-slf4j-1.7.25.jar;C:\Users\gabri\.m2\repository\com\jayway\jsonpath\json-path\2.5.0\json-path-2.5.0.jar;C:\Users\gabri\.m2\repository\net\minidev\json-smart\2.3\json-smart-2.3.jar;C:\Users\gabri\.m2\repository\net\minidev\accessors-smart\1.2\accessors-smart-1.2.jar;C:\Users\gabri\.m2\repository\org\ow2\asm\asm\5.0.4\asm-5.0.4.jar;C:\Users\gabri\.m2\repository\info\cukes\cucumber-java\1.2.5\cucumber-java-1.2.5.jar;C:\Users\gabri\.m2\repository\info\cukes\cucumber-core\1.2.5\cucumber-core-1.2.5.jar;C:\Users\gabri\.m2\repository\org\yaml\snakeyaml\1.27\snakeyaml-1.27.jar;C:\Users\gabri\.m2\repository\de\siegmar\fastcsv\1.0.4\fastcsv-1.0.4.jar;C:\Users\gabri\.m2\repository\info\picocli\picocli\4.5.2\picocli-4.5.2.jar;C:\Users\gabri\.m2\repository\org\junit\jupiter\junit-jupiter-api\5.7.0\junit-jupiter-api-5.7.0.jar;C:\Users\gabri\.m2\repository\org\apiguardian\apiguardian-api\1.1.0\apiguardian-api-1.1.0.jar;C:\Users\gabri\.m2\repository\org\opentest4j\opentest4j\1.2.0\opentest4j-1.2.0.jar;C:\Users\gabri\.m2\repository\org\junit\platform\junit-platform-commons\1.7.0\junit-platform-commons-1.7.0.jar;C:\Users\gabri\.m2\repository\org\junit\jupiter\junit-jupiter-engine\5.7.0\junit-jupiter-engine-5.7.0.jar;C:\Users\gabri\.m2\repository\org\junit\platform\junit-platform-engine\1.7.0\junit-platform-engine-1.7.0.jar;"/>
    <property name="java.vm.vendor" value="Oracle Corporation"/>
    <property name="sun.arch.data.model" value="64"/>
    <property name="user.variant" value=""/>
    <property name="java.vendor.url" value="https://java.oracle.com/"/>
    <property name="user.timezone" value="America/Sao_Paulo"/>
    <property name="os.name" value="Windows 10"/>
    <property name="java.vm.specification.version" value="19"/>
    <property name="sun.java.launcher" value="SUN_STANDARD"/>
    <property name="user.country" value="BR"/>
    <property name="sun.boot.library.path" value="C:\Program Files\Java\jdk-19\bin"/>
    <property name="sun.java.command" value="C:\Users\gabri\AppData\Local\Temp\surefire8166126809794819422\surefirebooter8373719884754079632.jar C:\Users\gabri\AppData\Local\Temp\surefire8166126809794819422 2022-12-07T23-46-42_955-jvmRun1 surefire12480112100357189111tmp surefire_02476095189729503040tmp"/>
    <property name="jdk.debug" value="release"/>
    <property name="test" value="PokeRunner"/>
    <property name="surefire.test.class.path" value="C:\Users\gabri\Documents\faculdade\Lab_S206\Prova_2_S206\Karate\target\test-classes;C:\Users\gabri\Documents\faculdade\Lab_S206\Prova_2_S206\Karate\target\classes;C:\Users\gabri\.m2\repository\com\intuit\karate\karate-junit5\1.0.1\karate-junit5-1.0.1.jar;C:\Users\gabri\.m2\repository\com\intuit\karate\karate-core\1.0.1\karate-core-1.0.1.jar;C:\Users\gabri\.m2\repository\org\graalvm\js\js-scriptengine\21.0.0\js-scriptengine-21.0.0.jar;C:\Users\gabri\.m2\repository\org\graalvm\sdk\graal-sdk\21.0.0\graal-sdk-21.0.0.jar;C:\Users\gabri\.m2\repository\org\graalvm\js\js\21.0.0\js-21.0.0.jar;C:\Users\gabri\.m2\repository\org\graalvm\regex\regex\21.0.0\regex-21.0.0.jar;C:\Users\gabri\.m2\repository\org\graalvm\truffle\truffle-api\21.0.0\truffle-api-21.0.0.jar;C:\Users\gabri\.m2\repository\com\ibm\icu\icu4j\67.1\icu4j-67.1.jar;C:\Users\gabri\.m2\repository\ch\qos\logback\logback-classic\1.2.3\logback-classic-1.2.3.jar;C:\Users\gabri\.m2\repository\ch\qos\logback\logback-core\1.2.3\logback-core-1.2.3.jar;C:\Users\gabri\.m2\repository\org\slf4j\slf4j-api\1.7.25\slf4j-api-1.7.25.jar;C:\Users\gabri\.m2\repository\org\slf4j\jcl-over-slf4j\1.7.25\jcl-over-slf4j-1.7.25.jar;C:\Users\gabri\.m2\repository\com\jayway\jsonpath\json-path\2.5.0\json-path-2.5.0.jar;C:\Users\gabri\.m2\repository\net\minidev\json-smart\2.3\json-smart-2.3.jar;C:\Users\gabri\.m2\repository\net\minidev\accessors-smart\1.2\accessors-smart-1.2.jar;C:\Users\gabri\.m2\repository\org\ow2\asm\asm\5.0.4\asm-5.0.4.jar;C:\Users\gabri\.m2\repository\info\cukes\cucumber-java\1.2.5\cucumber-java-1.2.5.jar;C:\Users\gabri\.m2\repository\info\cukes\cucumber-core\1.2.5\cucumber-core-1.2.5.jar;C:\Users\gabri\.m2\repository\org\yaml\snakeyaml\1.27\snakeyaml-1.27.jar;C:\Users\gabri\.m2\repository\de\siegmar\fastcsv\1.0.4\fastcsv-1.0.4.jar;C:\Users\gabri\.m2\repository\info\picocli\picocli\4.5.2\picocli-4.5.2.jar;C:\Users\gabri\.m2\repository\org\junit\jupiter\junit-jupiter-api\5.7.0\junit-jupiter-api-5.7.0.jar;C:\Users\gabri\.m2\repository\org\apiguardian\apiguardian-api\1.1.0\apiguardian-api-1.1.0.jar;C:\Users\gabri\.m2\repository\org\opentest4j\opentest4j\1.2.0\opentest4j-1.2.0.jar;C:\Users\gabri\.m2\repository\org\junit\platform\junit-platform-commons\1.7.0\junit-platform-commons-1.7.0.jar;C:\Users\gabri\.m2\repository\org\junit\jupiter\junit-jupiter-engine\5.7.0\junit-jupiter-engine-5.7.0.jar;C:\Users\gabri\.m2\repository\org\junit\platform\junit-platform-engine\1.7.0\junit-platform-engine-1.7.0.jar;"/>
    <property name="sun.cpu.endian" value="little"/>
    <property name="user.home" value="C:\Users\gabri"/>
    <property name="user.language" value="pt"/>
    <property name="java.specification.vendor" value="Oracle Corporation"/>
    <property name="java.version.date" value="2022-10-18"/>
    <property name="java.home" value="C:\Program Files\Java\jdk-19"/>
    <property name="file.separator" value="\"/>
    <property name="basedir" value="C:\Users\gabri\Documents\faculdade\Lab_S206\Prova_2_S206\Karate"/>
    <property name="java.vm.compressedOopsMode" value="32-bit"/>
    <property name="line.separator" value="&#10;"/>
    <property name="java.vm.specification.vendor" value="Oracle Corporation"/>
    <property name="java.specification.name" value="Java Platform API Specification"/>
    <property name="surefire.real.class.path" value="C:\Users\gabri\AppData\Local\Temp\surefire8166126809794819422\surefirebooter8373719884754079632.jar"/>
    <property name="user.script" value=""/>
    <property name="sun.management.compiler" value="HotSpot 64-Bit Tiered Compilers"/>
    <property name="java.runtime.version" value="19.0.1+10-21"/>
    <property name="user.name" value="gabri"/>
    <property name="stdout.encoding" value="Cp1252"/>
    <property name="path.separator" value=";"/>
    <property name="os.version" value="10.0"/>
    <property name="java.runtime.name" value="Java(TM) SE Runtime Environment"/>
    <property name="file.encoding" value="UTF-8"/>
    <property name="java.vm.name" value="Java HotSpot(TM) 64-Bit Server VM"/>
    <property name="localRepository" value="C:\Users\gabri\.m2\repository"/>
    <property name="java.vendor.url.bug" value="https://bugreport.java.com/bugreport/"/>
    <property name="java.io.tmpdir" value="C:\Users\gabri\AppData\Local\Temp\"/>
    <property name="java.version" value="19.0.1"/>
    <property name="user.dir" value="C:\Users\gabri\Documents\faculdade\Lab_S206\Prova_2_S206\Karate"/>
    <property name="os.arch" value="amd64"/>
    <property name="java.vm.specification.name" value="Java Virtual Machine Specification"/>
    <property name="sun.os.patch.level" value=""/>
    <property name="native.encoding" value="Cp1252"/>
    <property name="java.library.path" value="C:\Program Files\Java\jdk-19\bin;C:\WINDOWS\Sun\Java\bin;C:\WINDOWS\system32;C:\WINDOWS;C:\Users\gabri\bin;C:\Program Files\Git\mingw64\bin;C:\Program Files\Git\usr\local\bin;C:\Program Files\Git\usr\bin;C:\Program Files\Git\usr\bin;C:\Program Files\Git\mingw64\bin;C:\Program Files\Git\usr\bin;C:\Users\gabri\bin;C:\Program Files\Common Files\Oracle\Java\javapath;C:\WINDOWS\system32;C:\WINDOWS;C:\WINDOWS\System32\Wbem;C:\WINDOWS\System32\WindowsPowerShell\v1.0;C:\WINDOWS\System32\OpenSSH;C:\Program Files\NVIDIA Corporation\NVIDIA NvDLISR;C:\Program Files\Git\cmd;C:\Program Files\Docker\Docker\resources\bin;C:\Program Files\nodejs;C:\Program Files (x86)\dotnet;C:\Users\gabri\AppData\Local\Microsoft\WindowsApps;C:\Users\gabri\AppData\Local\Programs\Microsoft VS Code\bin;C:\Users\gabri\AppData\Local\GitHubDesktop\bin;C:\Users\gabri\AppData\Roaming\npm;C:\Users\gabri\Downloads\apache-maven-3.8.6\bin;C:\Program Files\Git\usr\bin\vendor_perl;C:\Program Files\Git\usr\bin\core_perl;."/>
    <property name="java.vm.info" value="mixed mode, sharing"/>
    <property name="stderr.encoding" value="Cp1252"/>
    <property name="java.vendor" value="Oracle Corporation"/>
    <property name="java.vm.version" value="19.0.1+10-21"/>
    <property name="sun.io.unicode.encoding" value="UnicodeLittle"/>
    <property name="java.class.version" value="63.0"/>
  </properties>
  <testcase name="testPokemon[1][1]" classname="pv2.pokemon.PokeRunner" time="1.989"/>
  <testcase name="testPokemon[1][2]" classname="pv2.pokemon.PokeRunner" time="0.021"/>
  <testcase name="testPokemon[1][3]" classname="pv2.pokemon.PokeRunner" time="0.371"/>
  <testcase name="testPokemon[1][4]" classname="pv2.pokemon.PokeRunner" time="0.084"/>
  <testcase name="testPokemon[1][5]" classname="pv2.pokemon.PokeRunner" time="0.021">
    <failure message="&gt;&gt;&gt;&gt; js failed:&#10;01: base_url&#10;&lt;&lt;&lt;&lt;&#10;org.graalvm.polyglot.PolyglotException: ReferenceError: &quot;base_url&quot; is not defined&#10;- &lt;js&gt;.:program(Unnamed:1)&#10;&#10;classpath:pv2/pokemon/pokemon.feature:39" type="org.opentest4j.AssertionFailedError"><![CDATA[org.opentest4j.AssertionFailedError: 
>>>> js failed:
01: base_url
<<<<
org.graalvm.polyglot.PolyglotException: ReferenceError: "base_url" is not defined
- <js>.:program(Unnamed:1)

classpath:pv2/pokemon/pokemon.feature:39
]]></failure>
    <system-out><![CDATA[23:46:46.710 [main] INFO  com.intuit.karate - karate.env system property was: null 
23:46:46.729 [main] ERROR com.intuit.karate - classpath:pv2/pokemon/pokemon.feature:39
Given url base_url
>>>> js failed:
01: base_url
<<<<
org.graalvm.polyglot.PolyglotException: ReferenceError: "base_url" is not defined
- <js>.:program(Unnamed:1)

classpath:pv2/pokemon/pokemon.feature:39
]]></system-out>
  </testcase>
  <testcase name="testPokemon[1][6]" classname="pv2.pokemon.PokeRunner" time="1.058"/>
</testsuite>